{"level":"error","message":"Error MongoDB getOneProducts: CastError: Cast to ObjectId failed for value \"favicon.ico\" (type string) at path \"_id\" for model \"productos\""}
{"level":"error","message":"Ruta GET /src/routes/session/session.routes.js no existe"}
{"level":"error","message":"Error MongoDB getOneProducts: CastError: Cast to ObjectId failed for value \"favicon.ico\" (type string) at path \"_id\" for model \"productos\""}
{"level":"error","message":"Ruta GET /src/routes/session/session.routes.js no existe"}
{"level":"error","message":"Error MongoDB getOneProducts: CastError: Cast to ObjectId failed for value \"favicon.ico\" (type string) at path \"_id\" for model \"productos\""}
{"level":"error","message":"Error MongoDB getOneProducts: CastError: Cast to ObjectId failed for value \"favicon.ico\" (type string) at path \"_id\" for model \"productos\""}
{"level":"error","message":"Error MongoDB getOneProducts: CastError: Cast to ObjectId failed for value \"favicon.ico\" (type string) at path \"_id\" for model \"productos\""}
{"level":"error","message":"Error MongoDB getOneProducts: CastError: Cast to ObjectId failed for value \"favicon.ico\" (type string) at path \"_id\" for model \"productos\""}
{"level":"error","message":"Error MongoDB getOneProducts: CastError: Cast to ObjectId failed for value \"favicon.ico\" (type string) at path \"_id\" for model \"productos\""}
{"level":"error","message":"Error MongoDB getOneProducts: CastError: Cast to ObjectId failed for value \"favicon.ico\" (type string) at path \"_id\" for model \"productos\""}
{"level":"error","message":"Ruta GET /src/routes/session/session.routes.js no existe"}
{"level":"error","message":"Error MongoDB getOneProducts: CastError: Cast to ObjectId failed for value \"favicon.ico\" (type string) at path \"_id\" for model \"productos\""}
{"_message":"usuarios validation failed","errors":{"email":{"kind":"required","message":"Path `email` is required.","name":"ValidatorError","path":"email","properties":{"message":"Path `email` is required.","path":"email","type":"required"}}},"level":"error","message":"usuarios validation failed: email: Path `email` is required.","name":"ValidationError"}
{"_message":"usuarios validation failed","errors":{"email":{"kind":"required","message":"Path `email` is required.","name":"ValidatorError","path":"email","properties":{"message":"Path `email` is required.","path":"email","type":"required"}}},"level":"error","message":"usuarios validation failed: email: Path `email` is required.","name":"ValidationError"}
{"_message":"usuarios validation failed","errors":{"email":{"kind":"required","message":"Path `email` is required.","name":"ValidatorError","path":"email","properties":{"message":"Path `email` is required.","path":"email","type":"required"}}},"level":"error","message":"usuarios validation failed: email: Path `email` is required.","name":"ValidationError"}
{"_message":"usuarios validation failed","errors":{"email":{"kind":"required","message":"Path `email` is required.","name":"ValidatorError","path":"email","properties":{"message":"Path `email` is required.","path":"email","type":"required"}},"lastName":{"kind":"required","message":"Path `lastName` is required.","name":"ValidatorError","path":"lastName","properties":{"message":"Path `lastName` is required.","path":"lastName","type":"required"}},"name":{"kind":"required","message":"Path `name` is required.","name":"ValidatorError","path":"name","properties":{"message":"Path `name` is required.","path":"name","type":"required"}}},"level":"error","message":"usuarios validation failed: email: Path `email` is required., lastName: Path `lastName` is required., name: Path `name` is required.","name":"ValidationError"}
{"_message":"usuarios validation failed","errors":{"email":{"kind":"required","message":"Path `email` is required.","name":"ValidatorError","path":"email","properties":{"message":"Path `email` is required.","path":"email","type":"required"}},"lastName":{"kind":"required","message":"Path `lastName` is required.","name":"ValidatorError","path":"lastName","properties":{"message":"Path `lastName` is required.","path":"lastName","type":"required"}},"name":{"kind":"required","message":"Path `name` is required.","name":"ValidatorError","path":"name","properties":{"message":"Path `name` is required.","path":"name","type":"required"}}},"level":"error","message":"usuarios validation failed: email: Path `email` is required., lastName: Path `lastName` is required., name: Path `name` is required.","name":"ValidationError"}
{"code":"MODULE_NOT_FOUND","level":"error","requireStack":["C:\\Users\\rafae\\OneDrive\\Documents\\07_Curso_Back\\Backend_Proyecto_Final_1\\daos\\usuariosDao\\usuariosDaoMongoDB.js","C:\\Users\\rafae\\OneDrive\\Documents\\07_Curso_Back\\Backend_Proyecto_Final_1\\src\\routes\\session\\session.routes.js","C:\\Users\\rafae\\OneDrive\\Documents\\07_Curso_Back\\Backend_Proyecto_Final_1\\app.js","C:\\Users\\rafae\\OneDrive\\Documents\\07_Curso_Back\\Backend_Proyecto_Final_1\\server.js"]}
{"code":63007,"level":"error","message":"Twilio could not find a Channel with the specified From address","moreInfo":"https://www.twilio.com/docs/errors/63007","status":400}
{"code":63007,"level":"error","moreInfo":"https://www.twilio.com/docs/errors/63007","status":400}
{"code":63007,"level":"error","moreInfo":"https://www.twilio.com/docs/errors/63007","status":400}
